<?xml version="1.0" encoding="UTF-8"?>
<!-- Generated by org.testng.reporters.JUnitXMLReporter -->
<testsuite ignored="0" hostname="Sonu" failures="1" tests="2" name="ChromeBrowser" time="15.324" errors="0" timestamp="2024-09-07T18:30:12 IST">
  <testcase classname="com.mystore.testcases.IndexPageTest" name="myStoreLogoTest" time="5.775">
    <failure type="java.lang.AssertionError" message="Failed">
      <![CDATA[java.lang.AssertionError: Failed
at com.mystore.testcases.IndexPageTest.myStoreLogoTest(IndexPageTest.java:39)
at java.base/java.util.ArrayList.forEach(ArrayList.java:1511)
at java.base/java.util.concurrent.FutureTask.run(FutureTask.java:264)
at java.base/java.util.concurrent.ThreadPoolExecutor.runWorker(ThreadPoolExecutor.java:1136)
at java.base/java.util.concurrent.ThreadPoolExecutor$Worker.run(ThreadPoolExecutor.java:635)
at java.base/java.lang.Thread.run(Thread.java:833)
... Removed 19 stack frames]]>
    </failure>
  </testcase> <!-- myStoreLogoTest -->
  <testcase classname="com.mystore.testcases.IndexPageTest" name="myStoreTitle" time="0.008"/>
</testsuite> <!-- ChromeBrowser -->
