<?xml version="1.0" encoding="UTF-8"?>
<testng-results ignored="0" total="2" passed="1" failed="1" skipped="0">
  <reporter-output>
  </reporter-output>
  <suite started-at="2024-09-07T18:32:37 IST" name="Suite" finished-at="2024-09-07T18:32:52 IST" duration-ms="14956">
    <groups>
      <group name="smoke">
        <method signature="IndexPageTest.myStoreLogoTest()[pri:0, instance:com.mystore.testcases.IndexPageTest@6392827e]" name="myStoreLogoTest" class="com.mystore.testcases.IndexPageTest"/>
        <method signature="IndexPageTest.myStoreTitle()[pri:0, instance:com.mystore.testcases.IndexPageTest@6392827e]" name="myStoreTitle" class="com.mystore.testcases.IndexPageTest"/>
      </group> <!-- smoke -->
    </groups>
    <test started-at="2024-09-07T18:32:37 IST" name="Test_Smoke" finished-at="2024-09-07T18:32:52 IST" duration-ms="14956">
      <class name="com.mystore.testcases.IndexPageTest">
        <test-method is-config="true" signature="loadConfig()[pri:0, instance:com.mystore.testcases.IndexPageTest@6392827e]" started-at="2024-09-07T18:32:37 IST" name="loadConfig" finished-at="2024-09-07T18:32:37 IST" duration-ms="181" status="PASS">
          <reporter-output>
          </reporter-output>
        </test-method> <!-- loadConfig -->
        <test-method is-config="true" signature="loadConfigOld()[pri:0, instance:com.mystore.testcases.IndexPageTest@6392827e]" started-at="2024-09-07T18:32:37 IST" name="loadConfigOld" finished-at="2024-09-07T18:32:37 IST" duration-ms="1" status="PASS">
          <reporter-output>
          </reporter-output>
        </test-method> <!-- loadConfigOld -->
        <test-method is-config="true" signature="setUp(java.lang.String)[pri:0, instance:com.mystore.testcases.IndexPageTest@6392827e]" started-at="2024-09-07T18:32:37 IST" name="setUp" finished-at="2024-09-07T18:32:45 IST" duration-ms="7938" status="PASS">
          <params>
            <param index="0">
              <value>
                <![CDATA[chrome]]>
              </value>
            </param>
          </params>
          <reporter-output>
          </reporter-output>
        </test-method> <!-- setUp -->
        <test-method signature="myStoreLogoTest()[pri:0, instance:com.mystore.testcases.IndexPageTest@6392827e]" started-at="2024-09-07T18:32:45 IST" name="myStoreLogoTest" finished-at="2024-09-07T18:32:45 IST" duration-ms="87" status="FAIL">
          <exception class="java.lang.AssertionError">
            <message>
              <![CDATA[Failed]]>
            </message>
            <full-stacktrace>
              <![CDATA[java.lang.AssertionError: Failed
at org.testng.Assert.fail(Assert.java:99)
at com.mystore.testcases.IndexPageTest.myStoreLogoTest(IndexPageTest.java:39)
at java.base/jdk.internal.reflect.NativeMethodAccessorImpl.invoke0(Native Method)
at java.base/jdk.internal.reflect.NativeMethodAccessorImpl.invoke(NativeMethodAccessorImpl.java:77)
at java.base/jdk.internal.reflect.DelegatingMethodAccessorImpl.invoke(DelegatingMethodAccessorImpl.java:43)
at java.base/java.lang.reflect.Method.invoke(Method.java:568)
at org.testng.internal.MethodInvocationHelper.invokeMethod(MethodInvocationHelper.java:133)
at org.testng.internal.TestInvoker.invokeMethod(TestInvoker.java:598)
at org.testng.internal.TestInvoker.invokeTestMethod(TestInvoker.java:173)
at org.testng.internal.MethodRunner.runInSequence(MethodRunner.java:46)
at org.testng.internal.TestInvoker$MethodInvocationAgent.invoke(TestInvoker.java:824)
at org.testng.internal.TestInvoker.invokeTestMethods(TestInvoker.java:146)
at org.testng.internal.TestMethodWorker.invokeTestMethods(TestMethodWorker.java:146)
at org.testng.internal.TestMethodWorker.run(TestMethodWorker.java:128)
at java.base/java.util.ArrayList.forEach(ArrayList.java:1511)
at org.testng.TestRunner.privateRun(TestRunner.java:794)
at org.testng.TestRunner.run(TestRunner.java:596)
at org.testng.SuiteRunner.runTest(SuiteRunner.java:377)
at org.testng.SuiteRunner.runSequentially(SuiteRunner.java:371)
at org.testng.SuiteRunner.privateRun(SuiteRunner.java:332)
at org.testng.SuiteRunner.run(SuiteRunner.java:276)
at org.testng.SuiteRunnerWorker.runSuite(SuiteRunnerWorker.java:53)
at org.testng.SuiteRunnerWorker.run(SuiteRunnerWorker.java:96)
at org.testng.TestNG.runSuitesSequentially(TestNG.java:1212)
at org.testng.TestNG.runSuitesLocally(TestNG.java:1134)
at org.testng.TestNG.runSuites(TestNG.java:1063)
at org.testng.TestNG.run(TestNG.java:1031)
at org.testng.remote.AbstractRemoteTestNG.run(AbstractRemoteTestNG.java:115)
at org.testng.remote.RemoteTestNG.initAndRun(RemoteTestNG.java:251)
at org.testng.remote.RemoteTestNG.main(RemoteTestNG.java:77)
]]>
            </full-stacktrace>
          </exception> <!-- java.lang.AssertionError -->
          <reporter-output>
          </reporter-output>
        </test-method> <!-- myStoreLogoTest -->
        <test-method is-config="true" signature="tearDown()[pri:0, instance:com.mystore.testcases.IndexPageTest@6392827e]" started-at="2024-09-07T18:32:45 IST" name="tearDown" finished-at="2024-09-07T18:32:45 IST" duration-ms="151" status="PASS">
          <reporter-output>
          </reporter-output>
        </test-method> <!-- tearDown -->
        <test-method is-config="true" signature="setUp(java.lang.String)[pri:0, instance:com.mystore.testcases.IndexPageTest@6392827e]" started-at="2024-09-07T18:32:45 IST" name="setUp" finished-at="2024-09-07T18:32:52 IST" duration-ms="6111" status="PASS">
          <params>
            <param index="0">
              <value>
                <![CDATA[chrome]]>
              </value>
            </param>
          </params>
          <reporter-output>
          </reporter-output>
        </test-method> <!-- setUp -->
        <test-method signature="myStoreTitle()[pri:0, instance:com.mystore.testcases.IndexPageTest@6392827e]" started-at="2024-09-07T18:32:52 IST" name="myStoreTitle" finished-at="2024-09-07T18:32:52 IST" duration-ms="9" status="PASS">
          <reporter-output>
          </reporter-output>
        </test-method> <!-- myStoreTitle -->
        <test-method is-config="true" signature="tearDown()[pri:0, instance:com.mystore.testcases.IndexPageTest@6392827e]" started-at="2024-09-07T18:32:52 IST" name="tearDown" finished-at="2024-09-07T18:32:52 IST" duration-ms="138" status="PASS">
          <reporter-output>
          </reporter-output>
        </test-method> <!-- tearDown -->
        <test-method is-config="true" signature="afterSuite()[pri:0, instance:com.mystore.testcases.IndexPageTest@6392827e]" started-at="2024-09-07T18:32:52 IST" name="afterSuite" finished-at="2024-09-07T18:32:52 IST" duration-ms="228" status="PASS">
          <reporter-output>
          </reporter-output>
        </test-method> <!-- afterSuite -->
      </class> <!-- com.mystore.testcases.IndexPageTest -->
    </test> <!-- Test_Smoke -->
  </suite> <!-- Suite -->
</testng-results>
