<?xml version="1.0" encoding="UTF-8"?>
<!-- Generated by org.testng.reporters.JUnitXMLReporter -->
<testsuite ignored="0" hostname="Sonu" failures="1" tests="2" name="Test_Smoke" time="14.956" errors="0" timestamp="2024-09-07T18:32:52 IST">
  <testcase classname="com.mystore.testcases.IndexPageTest" name="myStoreLogoTest" time="0.087">
    <failure type="java.lang.AssertionError" message="Failed">
      <![CDATA[java.lang.AssertionError: Failed
at com.mystore.testcases.IndexPageTest.myStoreLogoTest(IndexPageTest.java:39)
at java.base/java.util.ArrayList.forEach(ArrayList.java:1511)
... Removed 28 stack frames]]>
    </failure>
  </testcase> <!-- myStoreLogoTest -->
  <testcase classname="com.mystore.testcases.IndexPageTest" name="myStoreTitle" time="0.009"/>
</testsuite> <!-- Test_Smoke -->
